<html>
<head>
<title>TestNG:  Test1</title>
<link href="../testng.css" rel="stylesheet" type="text/css" />
<link href="../my-testng.css" rel="stylesheet" type="text/css" />

<style type="text/css">
.log { display: none;} 
.stack-trace { display: none;} 
</style>
<script type="text/javascript">
<!--
function flip(e) {
  current = e.style.display;
  if (current == 'block') {
    e.style.display = 'none';
    return 0;
  }
  else {
    e.style.display = 'block';
    return 1;
  }
}

function toggleBox(szDivId, elem, msg1, msg2)
{
  var res = -1;  if (document.getElementById) {
    res = flip(document.getElementById(szDivId));
  }
  else if (document.all) {
    // this is the way old msie versions work
    res = flip(document.all[szDivId]);
  }
  if(elem) {
    if(res == 0) elem.innerHTML = msg1; else elem.innerHTML = msg2;
  }

}

function toggleAllBoxes() {
  if (document.getElementsByTagName) {
    d = document.getElementsByTagName('div');
    for (i = 0; i < d.length; i++) {
      if (d[i].className == 'log') {
        flip(d[i]);
      }
    }
  }
}

// -->
</script>

</head>
<body>
<h2 align='center'>Test1</h2><table border='1' align="center">
<tr>
<td>Tests passed/Failed/Skipped:</td><td>0/1/0</td>
</tr><tr>
<td>Started on:</td><td>Thu Aug 27 18:52:49 CEST 2020</td>
</tr>
<tr><td>Total time:</td><td>627 seconds (627212 ms)</td>
</tr><tr>
<td>Included groups:</td><td></td>
</tr><tr>
<td>Excluded groups:</td><td></td>
</tr>
</table><p/>
<small><i>(Hover the method name to see the test class name)</i></small><p/>
<table width='100%' border='1' class='invocation-failed'>
<tr><td colspan='4' align='center'><b>FAILED TESTS</b></td></tr>
<tr><td><b>Test method</b></td>
<td width="30%"><b>Exception</b></td>
<td width="10%"><b>Time (seconds)</b></td>
<td><b>Instance</b></td>
</tr>
<tr>
<td title='com.howtodoinjava.demo.CrossBrowserTesting.test1()'><b>test1</b><br>Test class: com.howtodoinjava.demo.CrossBrowserTesting<br>Parameters: chrome</td>
<td><div><pre>org.openqa.selenium.SessionNotCreatedException: session not created
from timeout: Timed out receiving message from renderer: 600.000
  (Session info: headless chrome=84.0.4147.135)
Build info: version: &apos;3.9.1&apos;, revision: &apos;63f7b50&apos;, time: &apos;2018-02-07T22:25:02.294Z&apos;
System info: host: &apos;JUMPER-PC&apos;, ip: &apos;192.168.1.16&apos;, os.name: &apos;Windows 10&apos;, os.arch: &apos;amd64&apos;, os.version: &apos;10.0&apos;, java.version: &apos;1.8.0_261&apos;
Driver info: driver.version: ChromeDriver
remote stacktrace: Backtrace:
	Ordinal0 [0x00B187E3+2852835]
	Ordinal0 [0x00A05BB1+1727409]
	Ordinal0 [0x008DE4B9+517305]
	Ordinal0 [0x008D5E70+482928]
	Ordinal0 [0x008D52D1+479953]
	Ordinal0 [0x008D5515+480533]
	Ordinal0 [0x008D4F45+479045]
	Ordinal0 [0x008DD225+512549]
	Ordinal0 [0x008D4F02+478978]
	Ordinal0 [0x008D5B19+482073]
	Ordinal0 [0x008D52D1+479953]
	Ordinal0 [0x008D5515+480533]
	Ordinal0 [0x008D4F45+479045]
	Ordinal0 [0x008D9BD9+498649]
	Ordinal0 [0x008D9C27+498727]
	Ordinal0 [0x008D4F02+478978]
	Ordinal0 [0x008D5B19+482073]
	Ordinal0 [0x008D52D1+479953]
	Ordinal0 [0x008D5515+480533]
	Ordinal0 [0x008D4F45+479045]
	Ordinal0 [0x008DBA6E+506478]
	Ordinal0 [0x008D4F02+478978]
	Ordinal0 [0x008D5B19+482073]
	Ordinal0 [0x008D52D1+479953]
	Ordinal0 [0x008D5515+480533]
	Ordinal0 [0x008D4F45+479045]
	Ordinal0 [0x008D9FC6+499654]
	Ordinal0 [0x008D4F02+478978]
	Ordinal0 [0x008D5B19+482073]
	Ordinal0 [0x008D52D1+479953]
	Ordinal0 [0x008D5515+480533]
	Ordinal0 [0x008D4F45+479045]
	Ordinal0 [0x008D9587+497031]
	Ordinal0 [0x008D4F02+478978]
	Ordinal0 [0x008D5B19+482073]
	Ordinal0 [0x008D52D1+479953]
	Ordinal0 [0x008D5515+480533]
	Ordinal0 [0x008D4F45+479045]
	Ordinal0 [0x008D16BC+464572]
	Ordinal0 [0x008D4F02+478978]
	Ordinal0 [0x008D4E57+478807]
	Ordinal0 [0x008DF300+520960]
	Ordinal0 [0x0088E489+189577]
	Ordinal0 [0x0088D7FD+186365]
	Ordinal0 [0x0088B70B+177931]
	Ordinal0 [0x00872584+75140]
	Ordinal0 [0x00873650+79440]
	Ordinal0 [0x008735E9+79337]
	Ordinal0 [0x00A1AD5C+1813852]
	GetHandleVerifier [0x00C3C616+1075574]
	GetHandleVerifier [0x00C3C367+1074887]
	GetHandleVerifier [0x00C47497+1120247]
	GetHandleVerifier [0x00C3CC16+1077110]
	Ordinal0 [0x00A13206+1782278]
	Ordinal0 [0x00A1C3BB+1819579]
	Ordinal0 [0x00A1C523+1819939]
	Ordinal0 [0x00A32B45+1911621]
	BaseThreadInitThunk [0x75056359+25]
	RtlGetAppContainerNamedObjectPath [0x77407C24+228]
	RtlGetAppContainerNamedObjectPath [0x77407BF4+180]

	at org.openqa.selenium.remote.W3CHandshakeResponse.lambda$new$0(W3CHandshakeResponse.java:57)
	at org.openqa.selenium.remote.W3CHandshakeResponse.lambda$getResponseFunction$2(W3CHandshakeResponse.java:104)
	at org.openqa.selenium.remote.ProtocolHandshake.lambda$createSession$0(ProtocolHandshake.java:123)
	at java.util.stream.ReferencePipeline$3$1.accept(Unknown Source)
	at java.util.Spliterators$ArraySpliterator.tryAdvance(Unknown Source)
	at java.util.stream.ReferencePipeline.forEachWithCancel(Unknown Source)
	at java.util.stream.AbstractPipeline.copyIntoWithCancel(Unknown Source)
	at java.util.stream.AbstractPipeline.copyInto(Unknown Source)
	at java.util.stream.AbstractPipeline.wrapAndCopyInto(Unknown Source)
	at java.util.stream.FindOps$FindOp.evaluateSequential(Unknown Source)
	at java.util.stream.AbstractPipeline.evaluate(Unknown Source)
	at java.util.stream.ReferencePipeline.findFirst(Unknown Source)
	at org.openqa.selenium.remote.ProtocolHandshake.createSession(ProtocolHandshake.java:126)
	at org.openqa.selenium.remote.ProtocolHandshake.createSession(ProtocolHandshake.java:73)
	at org.openqa.selenium.remote.HttpCommandExecutor.execute(HttpCommandExecutor.java:138)
	at org.openqa.selenium.remote.service.DriverCommandExecutor.execute(DriverCommandExecutor.java:83)
	at org.openqa.selenium.remote.RemoteWebDriver.execute(RemoteWebDriver.java:601)
	at org.openqa.selenium.remote.RemoteWebDriver.startSession(RemoteWebDriver.java:219)
	at org.openqa.selenium.remote.RemoteWebDriver.&lt;init&gt;(RemoteWebDriver.java:142)
	at org.openqa.selenium.chrome.ChromeDriver.&lt;init&gt;(ChromeDriver.java:181)
	at org.openqa.selenium.chrome.ChromeDriver.&lt;init&gt;(ChromeDriver.java:168)
	at org.openqa.selenium.chrome.ChromeDriver.&lt;init&gt;(ChromeDriver.java:157)
	at com.howtodoinjava.demo.CrossBrowserTesting.test1(CrossBrowserTesting.java:77)
	at org.springframework.test.context.testng.AbstractTestNGSpringContextTests.run(AbstractTestNGSpringContextTests.java:180)
	at java.util.concurrent.FutureTask.run(Unknown Source)
	at java.util.concurrent.ThreadPoolExecutor.runWorker(Unknown Source)
	at java.util.concurrent.ThreadPoolExecutor$Worker.run(Unknown Source)
	at java.lang.Thread.run(Unknown Source)
... Removed 22 stack frames</pre></div><a href='#' onClick='toggleBox("stack-trace119795558", this, "Click to show all stack frames", "Click to hide stack frames")'>Click to show all stack frames</a>
<div class='stack-trace' id='stack-trace119795558'><pre>org.openqa.selenium.SessionNotCreatedException: session not created
from timeout: Timed out receiving message from renderer: 600.000
  (Session info: headless chrome=84.0.4147.135)
Build info: version: &apos;3.9.1&apos;, revision: &apos;63f7b50&apos;, time: &apos;2018-02-07T22:25:02.294Z&apos;
System info: host: &apos;JUMPER-PC&apos;, ip: &apos;192.168.1.16&apos;, os.name: &apos;Windows 10&apos;, os.arch: &apos;amd64&apos;, os.version: &apos;10.0&apos;, java.version: &apos;1.8.0_261&apos;
Driver info: driver.version: ChromeDriver
remote stacktrace: Backtrace:
	Ordinal0 [0x00B187E3+2852835]
	Ordinal0 [0x00A05BB1+1727409]
	Ordinal0 [0x008DE4B9+517305]
	Ordinal0 [0x008D5E70+482928]
	Ordinal0 [0x008D52D1+479953]
	Ordinal0 [0x008D5515+480533]
	Ordinal0 [0x008D4F45+479045]
	Ordinal0 [0x008DD225+512549]
	Ordinal0 [0x008D4F02+478978]
	Ordinal0 [0x008D5B19+482073]
	Ordinal0 [0x008D52D1+479953]
	Ordinal0 [0x008D5515+480533]
	Ordinal0 [0x008D4F45+479045]
	Ordinal0 [0x008D9BD9+498649]
	Ordinal0 [0x008D9C27+498727]
	Ordinal0 [0x008D4F02+478978]
	Ordinal0 [0x008D5B19+482073]
	Ordinal0 [0x008D52D1+479953]
	Ordinal0 [0x008D5515+480533]
	Ordinal0 [0x008D4F45+479045]
	Ordinal0 [0x008DBA6E+506478]
	Ordinal0 [0x008D4F02+478978]
	Ordinal0 [0x008D5B19+482073]
	Ordinal0 [0x008D52D1+479953]
	Ordinal0 [0x008D5515+480533]
	Ordinal0 [0x008D4F45+479045]
	Ordinal0 [0x008D9FC6+499654]
	Ordinal0 [0x008D4F02+478978]
	Ordinal0 [0x008D5B19+482073]
	Ordinal0 [0x008D52D1+479953]
	Ordinal0 [0x008D5515+480533]
	Ordinal0 [0x008D4F45+479045]
	Ordinal0 [0x008D9587+497031]
	Ordinal0 [0x008D4F02+478978]
	Ordinal0 [0x008D5B19+482073]
	Ordinal0 [0x008D52D1+479953]
	Ordinal0 [0x008D5515+480533]
	Ordinal0 [0x008D4F45+479045]
	Ordinal0 [0x008D16BC+464572]
	Ordinal0 [0x008D4F02+478978]
	Ordinal0 [0x008D4E57+478807]
	Ordinal0 [0x008DF300+520960]
	Ordinal0 [0x0088E489+189577]
	Ordinal0 [0x0088D7FD+186365]
	Ordinal0 [0x0088B70B+177931]
	Ordinal0 [0x00872584+75140]
	Ordinal0 [0x00873650+79440]
	Ordinal0 [0x008735E9+79337]
	Ordinal0 [0x00A1AD5C+1813852]
	GetHandleVerifier [0x00C3C616+1075574]
	GetHandleVerifier [0x00C3C367+1074887]
	GetHandleVerifier [0x00C47497+1120247]
	GetHandleVerifier [0x00C3CC16+1077110]
	Ordinal0 [0x00A13206+1782278]
	Ordinal0 [0x00A1C3BB+1819579]
	Ordinal0 [0x00A1C523+1819939]
	Ordinal0 [0x00A32B45+1911621]
	BaseThreadInitThunk [0x75056359+25]
	RtlGetAppContainerNamedObjectPath [0x77407C24+228]
	RtlGetAppContainerNamedObjectPath [0x77407BF4+180]

	at sun.reflect.NativeConstructorAccessorImpl.newInstance0(Native Method)
	at sun.reflect.NativeConstructorAccessorImpl.newInstance(Unknown Source)
	at sun.reflect.DelegatingConstructorAccessorImpl.newInstance(Unknown Source)
	at java.lang.reflect.Constructor.newInstance(Unknown Source)
	at org.openqa.selenium.remote.W3CHandshakeResponse.lambda$new$0(W3CHandshakeResponse.java:57)
	at org.openqa.selenium.remote.W3CHandshakeResponse.lambda$getResponseFunction$2(W3CHandshakeResponse.java:104)
	at org.openqa.selenium.remote.ProtocolHandshake.lambda$createSession$0(ProtocolHandshake.java:123)
	at java.util.stream.ReferencePipeline$3$1.accept(Unknown Source)
	at java.util.Spliterators$ArraySpliterator.tryAdvance(Unknown Source)
	at java.util.stream.ReferencePipeline.forEachWithCancel(Unknown Source)
	at java.util.stream.AbstractPipeline.copyIntoWithCancel(Unknown Source)
	at java.util.stream.AbstractPipeline.copyInto(Unknown Source)
	at java.util.stream.AbstractPipeline.wrapAndCopyInto(Unknown Source)
	at java.util.stream.FindOps$FindOp.evaluateSequential(Unknown Source)
	at java.util.stream.AbstractPipeline.evaluate(Unknown Source)
	at java.util.stream.ReferencePipeline.findFirst(Unknown Source)
	at org.openqa.selenium.remote.ProtocolHandshake.createSession(ProtocolHandshake.java:126)
	at org.openqa.selenium.remote.ProtocolHandshake.createSession(ProtocolHandshake.java:73)
	at org.openqa.selenium.remote.HttpCommandExecutor.execute(HttpCommandExecutor.java:138)
	at org.openqa.selenium.remote.service.DriverCommandExecutor.execute(DriverCommandExecutor.java:83)
	at org.openqa.selenium.remote.RemoteWebDriver.execute(RemoteWebDriver.java:601)
	at org.openqa.selenium.remote.RemoteWebDriver.startSession(RemoteWebDriver.java:219)
	at org.openqa.selenium.remote.RemoteWebDriver.&lt;init&gt;(RemoteWebDriver.java:142)
	at org.openqa.selenium.chrome.ChromeDriver.&lt;init&gt;(ChromeDriver.java:181)
	at org.openqa.selenium.chrome.ChromeDriver.&lt;init&gt;(ChromeDriver.java:168)
	at org.openqa.selenium.chrome.ChromeDriver.&lt;init&gt;(ChromeDriver.java:157)
	at com.howtodoinjava.demo.CrossBrowserTesting.test1(CrossBrowserTesting.java:77)
	at sun.reflect.NativeMethodAccessorImpl.invoke0(Native Method)
	at sun.reflect.NativeMethodAccessorImpl.invoke(Unknown Source)
	at sun.reflect.DelegatingMethodAccessorImpl.invoke(Unknown Source)
	at java.lang.reflect.Method.invoke(Unknown Source)
	at org.testng.internal.MethodInvocationHelper.invokeMethod(MethodInvocationHelper.java:86)
	at org.testng.internal.MethodInvocationHelper$1.runTestMethod(MethodInvocationHelper.java:197)
	at org.springframework.test.context.testng.AbstractTestNGSpringContextTests.run(AbstractTestNGSpringContextTests.java:180)
	at org.testng.internal.MethodInvocationHelper.invokeHookable(MethodInvocationHelper.java:209)
	at org.testng.internal.Invoker.invokeMethod(Invoker.java:639)
	at org.testng.internal.Invoker.invokeTestMethod(Invoker.java:820)
	at org.testng.internal.Invoker.invokeTestMethods(Invoker.java:1128)
	at org.testng.internal.TestMethodWorker.invokeTestMethods(TestMethodWorker.java:129)
	at org.testng.internal.TestMethodWorker.run(TestMethodWorker.java:112)
	at org.testng.TestRunner.privateRun(TestRunner.java:782)
	at org.testng.TestRunner.run(TestRunner.java:632)
	at org.testng.SuiteRunner.runTest(SuiteRunner.java:366)
	at org.testng.SuiteRunner.access$000(SuiteRunner.java:39)
	at org.testng.SuiteRunner$SuiteWorker.run(SuiteRunner.java:400)
	at org.testng.internal.thread.ThreadUtil$2.call(ThreadUtil.java:64)
	at java.util.concurrent.FutureTask.run(Unknown Source)
	at java.util.concurrent.ThreadPoolExecutor.runWorker(Unknown Source)
	at java.util.concurrent.ThreadPoolExecutor$Worker.run(Unknown Source)
	at java.lang.Thread.run(Unknown Source)
</pre></div></td>
<td>626</td>
<td>com.howtodoinjava.demo.CrossBrowserTesting@5e82df6a</td></tr>
</table><p>
</body>
</html>